<?xml version="1.0" encoding="UTF-8"?>
<testng-results ignored="0" total="1" passed="1" failed="0" skipped="0">
  <reporter-output>
  </reporter-output>
  <suite started-at="2024-07-07T16:10:11 IST" name="Surefire suite" finished-at="2024-07-07T16:10:11 IST" duration-ms="114">
    <groups>
    </groups>
    <test started-at="2024-07-07T16:10:11 IST" name="Surefire test" finished-at="2024-07-07T16:10:11 IST" duration-ms="114">
      <class name="Jenkins_Assignment.Jenkins_A.AppTest">
        <test-method signature="shouldAnswerWithTrue()" started-at="2024-07-07T16:10:11 IST" name="shouldAnswerWithTrue" finished-at="2024-07-07T16:10:11 IST" duration-ms="17" status="PASS">
          <reporter-output>
          </reporter-output>
        </test-method> <!-- shouldAnswerWithTrue -->
      </class> <!-- Jenkins_Assignment.Jenkins_A.AppTest -->
    </test> <!-- Surefire test -->
  </suite> <!-- Surefire suite -->
</testng-results>
